#
# A fatal error has been detected by the Java Runtime Environment:
#
#  Internal Error (javaCalls.cpp:53), pid=6240, tid=4772
#  guarantee(!thread->is_Compiler_thread()) failed: cannot make java calls from the compiler
#
# JRE version: Java(TM) SE Runtime Environment (8.0_25-b18) (build 1.8.0_25-b18)
# Java VM: Java HotSpot(TM) 64-Bit Server VM (25.25-b02 mixed mode windows-amd64 compressed oops)
# Failed to write core dump. Minidumps are not enabled by default on client versions of Windows
#
# If you would like to submit a bug report, please visit:
#   http://bugreport.sun.com/bugreport/crash.jsp
#

---------------  T H R E A D  ---------------

Current thread (0x0000000016037800):  JavaThread "C1 CompilerThread1" daemon [_thread_in_vm, id=4772, stack(0x0000000016c90000,0x0000000016d90000)]

Stack: [0x0000000016c90000,0x0000000016d90000]
Native frames: (J=compiled Java code, j=interpreted, Vv=VM code, C=native code)
V  [jvm.dll+0x31667a]
V  [jvm.dll+0x267073]
V  [jvm.dll+0x267cb3]
V  [jvm.dll+0x25f4c7]
V  [jvm.dll+0x1fb229]
V  [jvm.dll+0x1fbb9f]
V  [jvm.dll+0x3164e2]
V  [jvm.dll+0x1fc5f1]
V  [jvm.dll+0x2602ed]
V  [jvm.dll+0x260381]
V  [jvm.dll+0x2605d5]
V  [jvm.dll+0x260629]
V  [jvm.dll+0xedd18]
V  [jvm.dll+0xedfea]
V  [jvm.dll+0xee2ac]
V  [jvm.dll+0xf2b53]
V  [jvm.dll+0xf33a5]
V  [jvm.dll+0xf35f2]
V  [jvm.dll+0x3149f]
V  [jvm.dll+0x4032df]
V  [jvm.dll+0x403450]
V  [jvm.dll+0x3ed398]
V  [jvm.dll+0x3ed601]
V  [jvm.dll+0x3ed7c2]
V  [jvm.dll+0x3ed98e]
V  [jvm.dll+0x3edb8f]
V  [jvm.dll+0x98a02]
V  [jvm.dll+0x991f3]
V  [jvm.dll+0x22bde4]
V  [jvm.dll+0x2852fa]
C  [msvcr100.dll+0x21d9f]
C  [msvcr100.dll+0x21e3b]
C  [KERNEL32.DLL+0x16ad]
C  [ntdll.dll+0x54409]


Current CompileTask:
C1:   1319  152  s!   2       sun.misc.URLClassPath::getLoader (166 bytes)


---------------  P R O C E S S  ---------------

Java Threads: ( => current thread )
  0x00000000162c8800 JavaThread "Service Thread" daemon [_thread_new, id=4532, stack(0x0000000000000000,0x0000000000000000)]
=>0x0000000016037800 JavaThread "C1 CompilerThread1" daemon [_thread_in_vm, id=4772, stack(0x0000000016c90000,0x0000000016d90000)]
  0x0000000016796000 JavaThread "C2 CompilerThread0" daemon [_thread_in_native, id=5212, stack(0x0000000016b90000,0x0000000016c90000)]
  0x000000001505b000 JavaThread "Attach Listener" daemon [_thread_blocked, id=4048, stack(0x0000000015e90000,0x0000000015f90000)]
  0x0000000015058000 JavaThread "Signal Dispatcher" daemon [_thread_blocked, id=5236, stack(0x0000000015d90000,0x0000000015e90000)]
  0x0000000002bc1800 JavaThread "Finalizer" daemon [_thread_blocked, id=3720, stack(0x0000000015c90000,0x0000000015d90000)]
  0x0000000002bb9800 JavaThread "Reference Handler" daemon [_thread_blocked, id=6244, stack(0x0000000015b90000,0x0000000015c90000)]
  0x00000000029cd800 JavaThread "main" [_thread_in_vm, id=4128, stack(0x00000000026a0000,0x00000000027a0000)]

Other Threads:
  0x0000000002bb5800 VMThread [stack: 0x0000000015a90000,0x0000000015b90000] [id=5712]
  0x0000000017278800 WatcherThread [stack: 0x0000000017e60000,0x0000000017f60000] [id=5564]

VM state:not at safepoint (normal execution)

VM Mutex/Monitor currently owned by a thread: None

Heap:
 PSYoungGen      total 18944K, used 5394K [0x00000000eab00000, 0x00000000ec000000, 0x0000000100000000)
  eden space 16384K, 29% used [0x00000000eab00000,0x00000000eafc89f0,0x00000000ebb00000)
  from space 2560K, 19% used [0x00000000ebb00000,0x00000000ebb7c010,0x00000000ebd80000)
  to   space 2560K, 0% used [0x00000000ebd80000,0x00000000ebd80000,0x00000000ec000000)
 ParOldGen       total 44032K, used 0K [0x00000000c0000000, 0x00000000c2b00000, 0x00000000eab00000)
  object space 44032K, 0% used [0x00000000c0000000,0x00000000c0000000,0x00000000c2b00000)
 Metaspace       used 6076K, capacity 6128K, committed 6400K, reserved 1056768K
  class space    used 484K, capacity 488K, committed 512K, reserved 1048576K

Card table byte_map: [0x0000000011f90000,0x00000000121a0000] byte_map_base: 0x0000000011990000

Marking Bits: (ParMarkBitMap*) 0x0000000063aad490
 Begin Bits: [0x0000000012500000, 0x0000000013500000)
 End Bits:   [0x0000000013500000, 0x0000000014500000)

Polling page: 0x00000000027a0000

CodeCache: size=245760Kb used=1499Kb max_used=1499Kb free=244260Kb
 bounds [0x0000000002bd0000, 0x0000000002e40000, 0x0000000011bd0000]
 total_blobs=361 nmethods=127 adapters=149
 compilation: enabled

Compilation events (10 events):
Event: 1.234 Thread 0x0000000016037800 nmethod 146 0x0000000002d45090 code [0x0000000002d451e0, 0x0000000002d45350]
Event: 1.236 Thread 0x0000000016037800  147       2       java.lang.String::startsWith (72 bytes)
Event: 1.237 Thread 0x0000000016037800 nmethod 147 0x0000000002d453d0 code [0x0000000002d45540, 0x0000000002d457b0]
Event: 1.237 Thread 0x0000000016037800  148       2       java.lang.String::startsWith (7 bytes)
Event: 1.237 Thread 0x0000000016037800 nmethod 148 0x0000000002d45990 code [0x0000000002d45b00, 0x0000000002d45c88]
Event: 1.237 Thread 0x0000000016037800  149       1       java.util.ArrayList::size (5 bytes)
Event: 1.237 Thread 0x0000000016037800 nmethod 149 0x0000000002d45d10 code [0x0000000002d45e60, 0x0000000002d45f70]
Event: 1.238 Thread 0x0000000016037800  151       2       sun.misc.MetaIndex::mayContain (51 bytes)
Event: 1.239 Thread 0x0000000016037800 nmethod 151 0x0000000002d46350 code [0x0000000002d464e0, 0x0000000002d46798]
Event: 1.241 Thread 0x0000000016037800  152  s!   2       sun.misc.URLClassPath::getLoader (166 bytes)

GC Heap History (2 events):
Event: 0.932 GC heap before
{Heap before GC invocations=1 (full 0):
 PSYoungGen      total 18944K, used 16384K [0x00000000eab00000, 0x00000000ec000000, 0x0000000100000000)
  eden space 16384K, 100% used [0x00000000eab00000,0x00000000ebb00000,0x00000000ebb00000)
  from space 2560K, 0% used [0x00000000ebd80000,0x00000000ebd80000,0x00000000ec000000)
  to   space 2560K, 0% used [0x00000000ebb00000,0x00000000ebb00000,0x00000000ebd80000)
 ParOldGen       total 44032K, used 0K [0x00000000c0000000, 0x00000000c2b00000, 0x00000000eab00000)
  object space 44032K, 0% used [0x00000000c0000000,0x00000000c0000000,0x00000000c2b00000)
 Metaspace       used 5597K, capacity 5680K, committed 5888K, reserved 1056768K
  class space    used 458K, capacity 488K, committed 512K, reserved 1048576K
Event: 0.933 GC heap after
Heap after GC invocations=1 (full 0):
 PSYoungGen      total 18944K, used 496K [0x00000000eab00000, 0x00000000ec000000, 0x0000000100000000)
  eden space 16384K, 0% used [0x00000000eab00000,0x00000000eab00000,0x00000000ebb00000)
  from space 2560K, 19% used [0x00000000ebb00000,0x00000000ebb7c010,0x00000000ebd80000)
  to   space 2560K, 0% used [0x00000000ebd80000,0x00000000ebd80000,0x00000000ec000000)
 ParOldGen       total 44032K, used 0K [0x00000000c0000000, 0x00000000c2b00000, 0x00000000eab00000)
  object space 44032K, 0% used [0x00000000c0000000,0x00000000c0000000,0x00000000c2b00000)
 Metaspace       used 5597K, capacity 5680K, committed 5888K, reserved 1056768K
  class space    used 458K, capacity 488K, committed 512K, reserved 1048576K
}

Deoptimization events (0 events):
No events

Internal exceptions (10 events):
Event: 1.237 Thread 0x00000000029cd800 Exception <a 'java/security/PrivilegedActionException'> (0x00000000eae44ae0) thrown at [D:\re\workspace\8-2-build-windows-amd64-cygwin\jdk8u25\1677\hotspot\src\share\vm\prims\jvm.cpp, line 1312]
Event: 1.237 Thread 0x00000000029cd800 Exception <a 'java/security/PrivilegedActionException'> (0x00000000eae45638) thrown at [D:\re\workspace\8-2-build-windows-amd64-cygwin\jdk8u25\1677\hotspot\src\share\vm\prims\jvm.cpp, line 1312]
Event: 1.238 Thread 0x00000000029cd800 Exception <a 'java/security/PrivilegedActionException'> (0x00000000eae46190) thrown at [D:\re\workspace\8-2-build-windows-amd64-cygwin\jdk8u25\1677\hotspot\src\share\vm\prims\jvm.cpp, line 1312]
Event: 1.238 Thread 0x00000000029cd800 Exception <a 'java/security/PrivilegedActionException'> (0x00000000eae46d78) thrown at [D:\re\workspace\8-2-build-windows-amd64-cygwin\jdk8u25\1677\hotspot\src\share\vm\prims\jvm.cpp, line 1312]
Event: 1.238 Thread 0x00000000029cd800 Exception <a 'java/security/PrivilegedActionException'> (0x00000000eae478d0) thrown at [D:\re\workspace\8-2-build-windows-amd64-cygwin\jdk8u25\1677\hotspot\src\share\vm\prims\jvm.cpp, line 1312]
Event: 1.238 Thread 0x00000000029cd800 Exception <a 'java/security/PrivilegedActionException'> (0x00000000eae48428) thrown at [D:\re\workspace\8-2-build-windows-amd64-cygwin\jdk8u25\1677\hotspot\src\share\vm\prims\jvm.cpp, line 1312]
Event: 1.238 Thread 0x00000000029cd800 Exception <a 'java/security/PrivilegedActionException'> (0x00000000eae48f80) thrown at [D:\re\workspace\8-2-build-windows-amd64-cygwin\jdk8u25\1677\hotspot\src\share\vm\prims\jvm.cpp, line 1312]
Event: 1.238 Thread 0x00000000029cd800 Exception <a 'java/security/PrivilegedActionException'> (0x00000000eae49ad8) thrown at [D:\re\workspace\8-2-build-windows-amd64-cygwin\jdk8u25\1677\hotspot\src\share\vm\prims\jvm.cpp, line 1312]
Event: 1.238 Thread 0x00000000029cd800 Exception <a 'java/security/PrivilegedActionException'> (0x00000000eae4a630) thrown at [D:\re\workspace\8-2-build-windows-amd64-cygwin\jdk8u25\1677\hotspot\src\share\vm\prims\jvm.cpp, line 1312]
Event: 1.238 Thread 0x00000000029cd800 Exception <a 'java/security/PrivilegedActionException'> (0x00000000eae4b188) thrown at [D:\re\workspace\8-2-build-windows-amd64-cygwin\jdk8u25\1677\hotspot\src\share\vm\prims\jvm.cpp, line 1312]

Events (10 events):
Event: 1.238 loading class test/Main
Event: 1.238 loading class test/Main done
Event: 1.238 loading class test/Main
Event: 1.238 loading class test/Main done
Event: 1.238 loading class test/Main
Event: 1.238 loading class test/Main done
Event: 1.238 loading class test/Main
Event: 1.238 loading class test/Main done
Event: 1.238 loading class test/Main
Event: 1.238 loading class test/Main done


Dynamic libraries:
0x00007ff61d1f0000 - 0x00007ff61d224000 	C:\ProgramData\Oracle\Java\javapath\java.exe
0x00007ff96ab80000 - 0x00007ff96ad26000 	C:\Windows\SYSTEM32\ntdll.dll
0x00007ff96a480000 - 0x00007ff96a5ba000 	C:\Windows\system32\KERNEL32.DLL
0x00007ff9682a0000 - 0x00007ff9683af000 	C:\Windows\system32\KERNELBASE.dll
0x00007ff966af0000 - 0x00007ff966b78000 	C:\Windows\system32\apphelp.dll
0x00007ff95ce50000 - 0x00007ff95ce9f000 	C:\Windows\AppPatch\AppPatch64\AcGenral.DLL
0x00007ff96a730000 - 0x00007ff96a7d7000 	C:\Windows\system32\msvcrt.dll
0x00007ff967da0000 - 0x00007ff967dcb000 	C:\Windows\SYSTEM32\SspiCli.dll
0x00007ff968400000 - 0x00007ff968451000 	C:\Windows\system32\SHLWAPI.dll
0x00007ff969eb0000 - 0x00007ff96a021000 	C:\Windows\system32\USER32.dll
0x00007ff96a030000 - 0x00007ff96a1a8000 	C:\Windows\system32\ole32.dll
0x00007ff9688e0000 - 0x00007ff969cef000 	C:\Windows\system32\SHELL32.dll
0x00007ff967560000 - 0x00007ff96757e000 	C:\Windows\SYSTEM32\USERENV.dll
0x00007ff96a680000 - 0x00007ff96a725000 	C:\Windows\system32\ADVAPI32.dll
0x00007ff95bda0000 - 0x00007ff95bdbb000 	C:\Windows\SYSTEM32\MPR.dll
0x00007ff96a7e0000 - 0x00007ff96a917000 	C:\Windows\system32\RPCRT4.dll
0x00007ff968650000 - 0x00007ff9686a7000 	C:\Windows\SYSTEM32\sechost.dll
0x00007ff968470000 - 0x00007ff968646000 	C:\Windows\SYSTEM32\combase.dll
0x00007ff969d50000 - 0x00007ff969e94000 	C:\Windows\system32\GDI32.dll
0x00007ff967ef0000 - 0x00007ff967f04000 	C:\Windows\SYSTEM32\profapi.dll
0x00007ff966a30000 - 0x00007ff966acf000 	C:\Windows\SYSTEM32\SHCORE.dll
0x00007ff9686b0000 - 0x00007ff9686e4000 	C:\Windows\system32\IMM32.DLL
0x00007ff9687a0000 - 0x00007ff9688d9000 	C:\Windows\system32\MSCTF.dll
0x00007ff965950000 - 0x00007ff965baa000 	C:\Windows\WinSxS\amd64_microsoft.windows.common-controls_6595b64144ccf1df_6.0.9600.17031_none_6242a4b3ecbb55a1\COMCTL32.dll
0x0000000063b30000 - 0x0000000063c02000 	C:\Program Files\Java\jre1.8.0_25\bin\msvcr100.dll
0x00000000632d0000 - 0x0000000063b2a000 	C:\Program Files\Java\jre1.8.0_25\bin\server\jvm.dll
0x00007ff95dce0000 - 0x00007ff95dce9000 	C:\Windows\SYSTEM32\WSOCK32.dll
0x00007ff965930000 - 0x00007ff96594f000 	C:\Windows\SYSTEM32\WINMM.dll
0x00007ff96a5c0000 - 0x00007ff96a5c7000 	C:\Windows\system32\PSAPI.DLL
0x00007ff96ab00000 - 0x00007ff96ab58000 	C:\Windows\system32\WS2_32.dll
0x00007ff965800000 - 0x00007ff96582a000 	C:\Windows\SYSTEM32\WINMMBASE.dll
0x00007ff969ea0000 - 0x00007ff969ea9000 	C:\Windows\system32\NSI.dll
0x00007ff968070000 - 0x00007ff9680ba000 	C:\Windows\SYSTEM32\cfgmgr32.dll
0x00007ff966d70000 - 0x00007ff966d96000 	C:\Windows\SYSTEM32\DEVOBJ.dll
0x00000000632c0000 - 0x00000000632cf000 	C:\Program Files\Java\jre1.8.0_25\bin\verify.dll
0x0000000063290000 - 0x00000000632b8000 	C:\Program Files\Java\jre1.8.0_25\bin\java.dll
0x0000000063260000 - 0x0000000063283000 	C:\Program Files\Java\jre1.8.0_25\bin\instrument.dll
0x0000000063240000 - 0x0000000063256000 	C:\Program Files\Java\jre1.8.0_25\bin\zip.dll
0x00007ff95def0000 - 0x00007ff95e078000 	C:\Windows\SYSTEM32\dbghelp.dll

VM Arguments:
jvm_args: -Xbootclasspath/a:agent.jar;..\lib\asm-all-5.0.3.jar -javaagent:agent.jar 
java_command: test.Main
java_class_path (initial): .;agent.jar
Launcher Type: SUN_STANDARD

Environment Variables:
PATH=C:\ProgramData\Oracle\Java\javapath;C:\Users\local_user\AppData\Roaming\cabal\bin;C:\Program Files (x86)\NVIDIA Corporation\PhysX\Common;C:\Windows\system32;C:\Windows;C:\Windows\System32\Wbem;C:\Windows\System32\WindowsPowerShell\v1.0\;C:\Program Files (x86)\Windows Kits\8.1\Windows Performance Toolkit\;C:\Program Files\Microsoft SQL Server\110\Tools\Binn\;C:\Program Files\TortoiseSVN\bin;C:\Program Files (x86)\Microsoft SDKs\TypeScript\1.0\;
USERNAME=local_user
OS=Windows_NT
PROCESSOR_IDENTIFIER=Intel64 Family 6 Model 23 Stepping 10, GenuineIntel



---------------  S Y S T E M  ---------------

OS: Windows 8.1 , 64 bit Build 9600 

CPU:total 2 (2 cores per cpu, 1 threads per core) family 6 model 23 stepping 10, cmov, cx8, fxsr, mmx, sse, sse2, sse3, ssse3, sse4.1, tsc

Memory: 4k page, physical 4189136k(1803960k free), swap 8383440k(4501352k free)

vm_info: Java HotSpot(TM) 64-Bit Server VM (25.25-b02) for windows-amd64 JRE (1.8.0_25-b18), built on Oct  7 2014 14:25:37 by "java_re" with MS VC++ 10.0 (VS2010)

time: Wed Dec 17 14:28:16 2014
elapsed time: 1 seconds (0d 0h 0m 1s)

